\BOOKMARK [1][]{section.1}{\376\377\000\061\000\040\000\111\000\156\000\164\000\162\000\157\000\144\000\165\000\143\000\164\000\151\000\157\000\156}{}% 1
\BOOKMARK [1][]{section.2}{\376\377\000\062\000\040\000\101\000\163\000\163\000\165\000\155\000\160\000\164\000\151\000\157\000\156\000\163}{}% 2
\BOOKMARK [1][]{section.3}{\376\377\000\063\000\040\000\105\000\163\000\164\000\141\000\142\000\154\000\151\000\163\000\150\000\155\000\145\000\156\000\164\000\040\000\157\000\146\000\040\000\115\000\157\000\144\000\145\000\154}{}% 3
\BOOKMARK [2][]{subsection.3.1}{\376\377\000\063\000\056\000\061\000\040\000\120\000\162\000\151\000\156\000\143\000\151\000\160\000\154\000\145\000\163\000\040\000\157\000\146\000\040\000\115\000\157\000\144\000\145\000\154}{section.3}% 4
\BOOKMARK [2][]{subsection.3.2}{\376\377\000\063\000\056\000\062\000\040\000\123\000\164\000\162\000\165\000\143\000\164\000\165\000\162\000\145\000\040\000\157\000\146\000\040\000\115\000\157\000\144\000\145\000\154}{section.3}% 5
\BOOKMARK [2][]{subsection.3.3}{\376\377\000\063\000\056\000\063\000\040\000\105\000\163\000\164\000\141\000\142\000\154\000\151\000\163\000\150\000\155\000\145\000\156\000\164\000\040\000\157\000\146\000\040\000\105\000\166\000\141\000\154\000\165\000\141\000\164\000\151\000\157\000\156\000\040\000\111\000\156\000\144\000\151\000\143\000\141\000\164\000\157\000\162\000\163\000\040\000\123\000\171\000\163\000\164\000\145\000\155}{section.3}% 6
\BOOKMARK [1][]{section.4}{\376\377\000\064\000\040\000\126\000\141\000\154\000\151\000\144\000\141\000\164\000\151\000\157\000\156\000\040\000\157\000\146\000\040\000\115\000\157\000\144\000\145\000\154}{}% 7
\BOOKMARK [2][]{subsection.4.1}{\376\377\000\064\000\056\000\061\000\040\000\111\000\156\000\164\000\162\000\157\000\144\000\165\000\143\000\164\000\151\000\157\000\156\000\040\000\141\000\142\000\157\000\165\000\164\000\040\000\103\000\150\000\151\000\156\000\141}{section.4}% 8
\BOOKMARK [2][]{subsection.4.2}{\376\377\000\064\000\056\000\062\000\040\000\101\000\160\000\160\000\154\000\151\000\143\000\141\000\164\000\151\000\157\000\156\000\040\000\141\000\156\000\144\000\040\000\126\000\141\000\154\000\151\000\144\000\141\000\164\000\151\000\157\000\156}{section.4}% 9
\BOOKMARK [3][]{subsubsection.4.2.1}{\376\377\000\064\000\056\000\062\000\056\000\061\000\040\000\104\000\141\000\164\000\141\000\040\000\156\000\145\000\145\000\144\000\145\000\144\000\040\000\151\000\156\000\040\000\155\000\157\000\144\000\145\000\154\000\151\000\156\000\147}{subsection.4.2}% 10
\BOOKMARK [3][]{subsubsection.4.2.2}{\376\377\000\064\000\056\000\062\000\056\000\062\000\040\000\122\000\145\000\163\000\165\000\154\000\164\000\163}{subsection.4.2}% 11
\BOOKMARK [1][]{section.5}{\376\377\000\065\000\040\000\111\000\156\000\166\000\145\000\163\000\164\000\151\000\147\000\141\000\164\000\151\000\157\000\156}{}% 12
\BOOKMARK [2][]{subsection.5.1}{\376\377\000\065\000\056\000\061\000\040\000\127\000\141\000\164\000\145\000\162\000\040\000\122\000\145\000\163\000\157\000\165\000\162\000\143\000\145\000\163\000\040\000\151\000\156\000\040\000\125\000\153\000\162\000\141\000\151\000\156\000\145}{section.5}% 13
\BOOKMARK [2][]{subsection.5.2}{\376\377\000\065\000\056\000\062\000\040\000\127\000\141\000\164\000\145\000\162\000\040\000\125\000\163\000\145\000\040\000\151\000\156\000\040\000\125\000\153\000\162\000\141\000\151\000\156\000\145}{section.5}% 14
\BOOKMARK [2][]{subsection.5.3}{\376\377\000\065\000\056\000\063\000\040\000\103\000\141\000\165\000\163\000\145\000\163\000\040\000\157\000\146\000\040\000\127\000\141\000\164\000\145\000\162\000\040\000\123\000\143\000\141\000\162\000\143\000\151\000\164\000\171}{section.5}% 15
\BOOKMARK [3][]{subsubsection.5.3.1}{\376\377\000\065\000\056\000\063\000\056\000\061\000\040\000\115\000\157\000\144\000\145\000\154\000\151\000\156\000\147\000\040\000\164\000\157\000\040\000\146\000\151\000\156\000\144\000\040\000\153\000\145\000\171\000\040\000\146\000\141\000\143\000\164\000\157\000\162\000\163}{subsection.5.3}% 16
\BOOKMARK [3][]{subsubsection.5.3.2}{\376\377\000\065\000\056\000\063\000\056\000\062\000\040\000\103\000\141\000\165\000\163\000\145\000\163}{subsection.5.3}% 17
\BOOKMARK [1][]{section.6}{\376\377\000\066\000\040\000\115\000\157\000\144\000\145\000\154\000\040\000\101\000\160\000\160\000\154\000\151\000\143\000\141\000\164\000\151\000\157\000\156\000\040\000\164\000\157\000\040\000\125\000\153\000\162\000\141\000\151\000\156\000\145}{}% 18
\BOOKMARK [2][]{subsection.6.1}{\376\377\000\066\000\056\000\061\000\040\000\117\000\160\000\164\000\151\000\155\000\151\000\172\000\141\000\164\000\151\000\157\000\156\000\040\000\157\000\146\000\040\000\115\000\157\000\144\000\145\000\154}{section.6}% 19
\BOOKMARK [3][]{subsubsection.6.1.1}{\376\377\000\066\000\056\000\061\000\056\000\061\000\040\000\111\000\156\000\164\000\162\000\157\000\144\000\165\000\143\000\164\000\151\000\157\000\156\000\040\000\157\000\146\000\040\000\151\000\155\000\160\000\162\000\157\000\166\000\145\000\144\000\040\000\155\000\157\000\144\000\145\000\154}{subsection.6.1}% 20
\BOOKMARK [3][]{subsubsection.6.1.2}{\376\377\000\066\000\056\000\061\000\056\000\062\000\040\000\105\000\163\000\164\000\141\000\142\000\154\000\151\000\163\000\150\000\155\000\145\000\156\000\164\000\040\000\157\000\146\000\040\000\124\000\107\000\102\000\040\000\115\000\157\000\144\000\145\000\154}{subsection.6.1}% 21
\BOOKMARK [2][]{subsection.6.2}{\376\377\000\066\000\056\000\062\000\040\000\120\000\162\000\145\000\144\000\151\000\143\000\164\000\151\000\157\000\156\000\040\000\162\000\145\000\163\000\165\000\154\000\164\000\163}{section.6}% 22
\BOOKMARK [2][]{subsection.6.3}{\376\377\000\066\000\056\000\063\000\040\000\101\000\156\000\141\000\154\000\171\000\163\000\151\000\163\000\040\000\157\000\146\000\040\000\120\000\162\000\145\000\144\000\151\000\143\000\164\000\151\000\157\000\156}{section.6}% 23
\BOOKMARK [1][]{section.7}{\376\377\000\067\000\040\000\111\000\156\000\164\000\145\000\162\000\166\000\145\000\156\000\164\000\151\000\157\000\156\000\040\000\160\000\154\000\141\000\156}{}% 24
\BOOKMARK [2][]{subsection.7.1}{\376\377\000\067\000\056\000\061\000\040\000\101\000\110\000\120\000\040\000\155\000\157\000\144\000\145\000\154\000\151\000\156\000\147}{section.7}% 25
\BOOKMARK [2][]{subsection.7.2}{\376\377\000\067\000\056\000\062\000\040\000\111\000\156\000\164\000\145\000\162\000\166\000\145\000\156\000\164\000\151\000\157\000\156\000\040\000\101\000\144\000\166\000\141\000\156\000\164\000\141\000\147\000\145\000\163\000\040\000\141\000\156\000\144\000\040\000\127\000\145\000\141\000\153\000\156\000\145\000\163\000\163\000\145\000\163}{section.7}% 26
\BOOKMARK [3][]{subsubsection.7.2.1}{\376\377\000\067\000\056\000\062\000\056\000\061\000\040\000\101\000\144\000\166\000\141\000\156\000\164\000\141\000\147\000\145\000\163}{subsection.7.2}% 27
\BOOKMARK [3][]{subsubsection.7.2.2}{\376\377\000\067\000\056\000\062\000\056\000\062\000\040\000\127\000\145\000\141\000\153\000\156\000\145\000\163\000\163\000\145\000\163}{subsection.7.2}% 28
\BOOKMARK [1][]{section.8}{\376\377\000\070\000\040\000\111\000\156\000\164\000\145\000\162\000\166\000\145\000\156\000\164\000\151\000\157\000\156\000\040\000\105\000\146\000\146\000\145\000\143\000\164\000\151\000\166\000\145\000\156\000\145\000\163\000\163}{}% 29
\BOOKMARK [1][]{section.9}{\376\377\000\071\000\040\000\103\000\157\000\156\000\143\000\154\000\165\000\163\000\151\000\157\000\156\000\163}{}% 30
\BOOKMARK [1][]{section.10}{\376\377\000\061\000\060\000\040\000\105\000\166\000\141\000\154\000\165\000\141\000\164\000\151\000\157\000\156\000\040\000\157\000\146\000\040\000\115\000\157\000\144\000\145\000\154}{}% 31
\BOOKMARK [2][]{subsection.10.1}{\376\377\000\061\000\060\000\056\000\061\000\040\000\123\000\164\000\162\000\145\000\156\000\147\000\164\000\150\000\163}{section.10}% 32
\BOOKMARK [2][]{subsection.10.2}{\376\377\000\061\000\060\000\056\000\062\000\040\000\127\000\145\000\141\000\153\000\156\000\145\000\163\000\163\000\145\000\163}{section.10}% 33
\BOOKMARK [1][]{section*.2}{\376\377\000\101\000\160\000\160\000\145\000\156\000\144\000\151\000\143\000\145\000\163}{}% 34
\BOOKMARK [1][]{Appendix.a.A}{\376\377\000\101\000\160\000\160\000\145\000\156\000\144\000\151\000\170\000\040\000\101\000\040}{}% 35
\BOOKMARK [1][]{Appendix.a.B}{\376\377\000\101\000\160\000\160\000\145\000\156\000\144\000\151\000\170\000\040\000\102\000\040}{}% 36
\BOOKMARK [1][]{Appendix.a.C}{\376\377\000\101\000\160\000\160\000\145\000\156\000\144\000\151\000\170\000\040\000\103\000\040}{}% 37
\BOOKMARK [1][]{Appendix.a.D}{\376\377\000\101\000\160\000\160\000\145\000\156\000\144\000\151\000\170\000\040\000\104\000\040}{}% 38
\BOOKMARK [1][]{Appendix.a.E}{\376\377\000\101\000\160\000\160\000\145\000\156\000\144\000\151\000\170\000\040\000\105\000\040}{}% 39
\BOOKMARK [1][]{Appendix.a.F}{\376\377\000\101\000\160\000\160\000\145\000\156\000\144\000\151\000\170\000\040\000\106\000\040}{}% 40
\BOOKMARK [1][]{Appendix.a.G}{\376\377\000\101\000\160\000\160\000\145\000\156\000\144\000\151\000\170\000\040\000\107\000\040}{}% 41
\BOOKMARK [1][]{Appendix.a.H}{\376\377\000\101\000\160\000\160\000\145\000\156\000\144\000\151\000\170\000\040\000\110\000\040}{}% 42
\BOOKMARK [1][]{Appendix.a.I}{\376\377\000\101\000\160\000\160\000\145\000\156\000\144\000\151\000\170\000\040\000\111\000\040}{}% 43
\BOOKMARK [1][]{Appendix.a.J}{\376\377\000\101\000\160\000\160\000\145\000\156\000\144\000\151\000\170\000\040\000\112\000\040}{}% 44
\BOOKMARK [1][]{Appendix.a.K}{\376\377\000\101\000\160\000\160\000\145\000\156\000\144\000\151\000\170\000\040\000\113\000\040}{}% 45
